# JRE version: OpenJDK Runtime Environment (8.0_242-b01) (build 1.8.0_242-release-1644-b01)
# Java VM: OpenJDK 64-Bit Server VM (25.242-b01 mixed mode windows-amd64 compressed oops)
Heap:
 PSYoungGen      total 136704K, used 80237K [0x00000000d5580000, 0x00000000de980000, 0x0000000100000000)
  eden space 128000K, 56% used [0x00000000d5580000,0x00000000d9bd4220,0x00000000dd280000)
  from space 8704K, 94% used [0x00000000de100000,0x00000000de9073d0,0x00000000de980000)
  to   space 11264K, 0% used [0x00000000dd380000,0x00000000dd380000,0x00000000dde80000)
 ParOldGen       total 46080K, used 6661K [0x0000000080000000, 0x0000000082d00000, 0x00000000d5580000)
  object space 46080K, 14% used [0x0000000080000000,0x00000000806816c8,0x0000000082d00000)
 Metaspace       used 33078K, capacity 34216K, committed 34560K, reserved 1079296K
  class space    used 4512K, capacity 4761K, committed 4864K, reserved 1048576K
GC Heap History (10 events):
Event: 5.667 GC heap before
{Heap before GC invocations=5 (full 0):
 PSYoungGen      total 38400K, used 38368K [0x00000000d5580000, 0x00000000d8000000, 0x0000000100000000)
  eden space 33280K, 100% used [0x00000000d5580000,0x00000000d7600000,0x00000000d7600000)
  from space 5120K, 99% used [0x00000000d7b00000,0x00000000d7ff8200,0x00000000d8000000)
  to   space 5120K, 0% used [0x00000000d7600000,0x00000000d7600000,0x00000000d7b00000)
 ParOldGen       total 87552K, used 3454K [0x0000000080000000, 0x0000000085580000, 0x00000000d5580000)
  object space 87552K, 3% used [0x0000000080000000,0x000000008035fb80,0x0000000085580000)
 Metaspace       used 17750K, capacity 18448K, committed 18560K, reserved 1064960K
  class space    used 2436K, capacity 2632K, committed 2688K, reserved 1048576K
Event: 5.688 GC heap after
Heap after GC invocations=5 (full 0):
 PSYoungGen      total 38400K, used 5088K [0x00000000d5580000, 0x00000000daa80000, 0x0000000100000000)
  eden space 33280K, 0% used [0x00000000d5580000,0x00000000d5580000,0x00000000d7600000)
  from space 5120K, 99% used [0x00000000d7600000,0x00000000d7af8020,0x00000000d7b00000)
  to   space 10240K, 0% used [0x00000000da080000,0x00000000da080000,0x00000000daa80000)
 ParOldGen       total 87552K, used 6595K [0x0000000080000000, 0x0000000085580000, 0x00000000d5580000)
  object space 87552K, 7% used [0x0000000080000000,0x0000000080670dc0,0x0000000085580000)
 Metaspace       used 17750K, capacity 18448K, committed 18560K, reserved 1064960K
  class space    used 2436K, capacity 2632K, committed 2688K, reserved 1048576K
}
Event: 6.942 GC heap before
{Heap before GC invocations=6 (full 0):
 PSYoungGen      total 38400K, used 38368K [0x00000000d5580000, 0x00000000daa80000, 0x0000000100000000)
  eden space 33280K, 100% used [0x00000000d5580000,0x00000000d7600000,0x00000000d7600000)
  from space 5120K, 99% used [0x00000000d7600000,0x00000000d7af8020,0x00000000d7b00000)
  to   space 10240K, 0% used [0x00000000da080000,0x00000000da080000,0x00000000daa80000)
 ParOldGen       total 87552K, used 6595K [0x0000000080000000, 0x0000000085580000, 0x00000000d5580000)
  object space 87552K, 7% used [0x0000000080000000,0x0000000080670dc0,0x0000000085580000)
 Metaspace       used 20529K, capacity 21204K, committed 21248K, reserved 1067008K
  class space    used 2867K, capacity 3048K, committed 3072K, reserved 1048576K
Event: 6.951 GC heap after
Heap after GC invocations=6 (full 0):
 PSYoungGen      total 76288K, used 8610K [0x00000000d5580000, 0x00000000dab80000, 0x0000000100000000)
  eden space 66048K, 0% used [0x00000000d5580000,0x00000000d5580000,0x00000000d9600000)
  from space 10240K, 84% used [0x00000000da080000,0x00000000da8e89b0,0x00000000daa80000)
  to   space 10752K, 0% used [0x00000000d9600000,0x00000000d9600000,0x00000000da080000)
 ParOldGen       total 87552K, used 6603K [0x0000000080000000, 0x0000000085580000, 0x00000000d5580000)
  object space 87552K, 7% used [0x0000000080000000,0x0000000080672dc0,0x0000000085580000)
 Metaspace       used 20529K, capacity 21204K, committed 21248K, reserved 1067008K
  class space    used 2867K, capacity 3048K, committed 3072K, reserved 1048576K
}
Event: 6.960 GC heap before
{Heap before GC invocations=7 (full 0):
 PSYoungGen      total 76288K, used 9767K [0x00000000d5580000, 0x00000000dab80000, 0x0000000100000000)
  eden space 66048K, 1% used [0x00000000d5580000,0x00000000d56a1590,0x00000000d9600000)
  from space 10240K, 84% used [0x00000000da080000,0x00000000da8e89b0,0x00000000daa80000)
  to   space 10752K, 0% used [0x00000000d9600000,0x00000000d9600000,0x00000000da080000)
 ParOldGen       total 87552K, used 6603K [0x0000000080000000, 0x0000000085580000, 0x00000000d5580000)
  object space 87552K, 7% used [0x0000000080000000,0x0000000080672dc0,0x0000000085580000)
 Metaspace       used 20563K, capacity 21204K, committed 21248K, reserved 1067008K
  class space    used 2873K, capacity 3048K, committed 3072K, reserved 1048576K
Event: 6.965 GC heap after
Heap after GC invocations=7 (full 0):
 PSYoungGen      total 76800K, used 3732K [0x00000000d5580000, 0x00000000deb80000, 0x0000000100000000)
  eden space 66048K, 0% used [0x00000000d5580000,0x00000000d5580000,0x00000000d9600000)
  from space 10752K, 34% used [0x00000000d9600000,0x00000000d99a5040,0x00000000da080000)
  to   space 10752K, 0% used [0x00000000de100000,0x00000000de100000,0x00000000deb80000)
 ParOldGen       total 87552K, used 8887K [0x0000000080000000, 0x0000000085580000, 0x00000000d5580000)
  object space 87552K, 10% used [0x0000000080000000,0x00000000808ade20,0x0000000085580000)
 Metaspace       used 20563K, capacity 21204K, committed 21248K, reserved 1067008K
  class space    used 2873K, capacity 3048K, committed 3072K, reserved 1048576K
}
Event: 6.965 GC heap before
{Heap before GC invocations=8 (full 1):
 PSYoungGen      total 76800K, used 3732K [0x00000000d5580000, 0x00000000deb80000, 0x0000000100000000)
  eden space 66048K, 0% used [0x00000000d5580000,0x00000000d5580000,0x00000000d9600000)
  from space 10752K, 34% used [0x00000000d9600000,0x00000000d99a5040,0x00000000da080000)
  to   space 10752K, 0% used [0x00000000de100000,0x00000000de100000,0x00000000deb80000)
 ParOldGen       total 87552K, used 8887K [0x0000000080000000, 0x0000000085580000, 0x00000000d5580000)
  object space 87552K, 10% used [0x0000000080000000,0x00000000808ade20,0x0000000085580000)
 Metaspace       used 20563K, capacity 21204K, committed 21248K, reserved 1067008K
  class space    used 2873K, capacity 3048K, committed 3072K, reserved 1048576K
Event: 6.997 GC heap after
Heap after GC invocations=8 (full 1):
 PSYoungGen      total 76800K, used 0K [0x00000000d5580000, 0x00000000deb80000, 0x0000000100000000)
  eden space 66048K, 0% used [0x00000000d5580000,0x00000000d5580000,0x00000000d9600000)
  from space 10752K, 0% used [0x00000000d9600000,0x00000000d9600000,0x00000000da080000)
  to   space 10752K, 0% used [0x00000000de100000,0x00000000de100000,0x00000000deb80000)
 ParOldGen       total 46080K, used 6653K [0x0000000080000000, 0x0000000082d00000, 0x00000000d5580000)
  object space 46080K, 14% used [0x0000000080000000,0x000000008067f6c8,0x0000000082d00000)
 Metaspace       used 20563K, capacity 21204K, committed 21248K, reserved 1067008K
  class space    used 2873K, capacity 3048K, committed 3072K, reserved 1048576K
}
Event: 8.456 GC heap before
{Heap before GC invocations=9 (full 1):
 PSYoungGen      total 76800K, used 66048K [0x00000000d5580000, 0x00000000deb80000, 0x0000000100000000)
  eden space 66048K, 100% used [0x00000000d5580000,0x00000000d9600000,0x00000000d9600000)
  from space 10752K, 0% used [0x00000000d9600000,0x00000000d9600000,0x00000000da080000)
  to   space 10752K, 0% used [0x00000000de100000,0x00000000de100000,0x00000000deb80000)
 ParOldGen       total 46080K, used 6653K [0x0000000080000000, 0x0000000082d00000, 0x00000000d5580000)
  object space 46080K, 14% used [0x0000000080000000,0x000000008067f6c8,0x0000000082d00000)
 Metaspace       used 28602K, capacity 29456K, committed 29568K, reserved 1075200K
  class space    used 3954K, capacity 4192K, committed 4224K, reserved 1048576K
Event: 8.469 GC heap after
Heap after GC invocations=9 (full 1):
 PSYoungGen      total 136704K, used 8220K [0x00000000d5580000, 0x00000000de980000, 0x0000000100000000)
  eden space 128000K, 0% used [0x00000000d5580000,0x00000000d5580000,0x00000000dd280000)
  from space 8704K, 94% used [0x00000000de100000,0x00000000de9073d0,0x00000000de980000)
  to   space 11264K, 0% used [0x00000000dd380000,0x00000000dd380000,0x00000000dde80000)
 ParOldGen       total 46080K, used 6661K [0x0000000080000000, 0x0000000082d00000, 0x00000000d5580000)
  object space 46080K, 14% used [0x0000000080000000,0x00000000806816c8,0x0000000082d00000)
 Metaspace       used 28602K, capacity 29456K, committed 29568K, reserved 1075200K
  class space    used 3954K, capacity 4192K, committed 4224K, reserved 1048576K
}

